<?xml version="1.0" encoding="UTF-8"?>
<testng-results ignored="0" total="2" passed="2" failed="0" skipped="0">
  <reporter-output>
  </reporter-output>
  <suite started-at="2024-05-31T18:10:48 IST" name="Default suite" finished-at="2024-05-31T18:11:01 IST" duration-ms="12395">
    <groups>
    </groups>
    <test started-at="2024-05-31T18:10:48 IST" name="Default test" finished-at="2024-05-31T18:11:01 IST" duration-ms="12395">
      <class name="Origin.Licence.Sampletest">
        <test-method is-config="true" signature="setUp()[pri:0, instance:Origin.Licence.Sampletest@46d59067]" started-at="2024-05-31T18:10:48 IST" name="setUp" finished-at="2024-05-31T18:10:53 IST" duration-ms="5039" status="PASS">
          <reporter-output>
          </reporter-output>
        </test-method> <!-- setUp -->
        <test-method signature="click_on_Automation_dropdown_option()[pri:1, instance:Origin.Licence.Sampletest@46d59067]" started-at="2024-05-31T18:10:53 IST" name="click_on_Automation_dropdown_option" finished-at="2024-05-31T18:10:55 IST" duration-ms="1774" status="PASS">
          <reporter-output>
          </reporter-output>
        </test-method> <!-- click_on_Automation_dropdown_option -->
        <test-method signature="clickonadd_button()[pri:2, instance:Origin.Licence.Sampletest@46d59067]" started-at="2024-05-31T18:10:55 IST" name="clickonadd_button" finished-at="2024-05-31T18:11:00 IST" duration-ms="5105" status="PASS">
          <reporter-output>
          </reporter-output>
        </test-method> <!-- clickonadd_button -->
        <test-method is-config="true" signature="tearDown()[pri:0, instance:Origin.Licence.Sampletest@46d59067]" started-at="2024-05-31T18:11:00 IST" name="tearDown" finished-at="2024-05-31T18:11:01 IST" duration-ms="271" status="PASS">
          <reporter-output>
          </reporter-output>
        </test-method> <!-- tearDown -->
      </class> <!-- Origin.Licence.Sampletest -->
    </test> <!-- Default test -->
  </suite> <!-- Default suite -->
</testng-results>
