<?xml version="1.0" encoding="UTF-8"?>
<testng-results ignored="0" total="2" passed="2" failed="0" skipped="0">
  <reporter-output>
  </reporter-output>
  <suite started-at="2024-06-04T12:21:40 IST" name="Default suite" finished-at="2024-06-04T12:21:54 IST" duration-ms="14340">
    <groups>
    </groups>
    <test started-at="2024-06-04T12:21:40 IST" name="Default test" finished-at="2024-06-04T12:21:54 IST" duration-ms="14340">
      <class name="Origin.Licence.Sampletest">
        <test-method is-config="true" signature="setUp()[pri:0, instance:Origin.Licence.Sampletest@46d59067]" started-at="2024-06-04T12:21:40 IST" name="setUp" finished-at="2024-06-04T12:21:49 IST" duration-ms="8616" status="PASS">
          <reporter-output>
          </reporter-output>
        </test-method> <!-- setUp -->
        <test-method signature="click_on_Licenece_Management_dropdown_option()[pri:1, instance:Origin.Licence.Sampletest@46d59067]" started-at="2024-06-04T12:21:49 IST" name="click_on_Licenece_Management_dropdown_option" finished-at="2024-06-04T12:21:49 IST" duration-ms="140" status="PASS">
          <reporter-output>
          </reporter-output>
        </test-method> <!-- click_on_Licenece_Management_dropdown_option -->
        <test-method signature="clickonadd_button()[pri:2, instance:Origin.Licence.Sampletest@46d59067]" started-at="2024-06-04T12:21:49 IST" name="clickonadd_button" finished-at="2024-06-04T12:21:54 IST" duration-ms="5340" status="PASS">
          <reporter-output>
          </reporter-output>
        </test-method> <!-- clickonadd_button -->
        <test-method is-config="true" signature="tearDown()[pri:0, instance:Origin.Licence.Sampletest@46d59067]" started-at="2024-06-04T12:21:54 IST" name="tearDown" finished-at="2024-06-04T12:21:54 IST" duration-ms="130" status="PASS">
          <reporter-output>
          </reporter-output>
        </test-method> <!-- tearDown -->
      </class> <!-- Origin.Licence.Sampletest -->
    </test> <!-- Default test -->
  </suite> <!-- Default suite -->
</testng-results>
